[    0.000000] Linux version 4.15.0-135-generic (buildd@lgw01-amd64-005) (gcc version 7.5.0 (Ubuntu 7.5.0-3ubuntu1~18.04)) #139-Ubuntu SMP Mon Jan 18 17:38:24 UTC 2021 (Ubuntu 4.15.0-135.139-generic 4.15.18)
[    0.000000] Command line: BOOT_IMAGE=/boot/vmlinuz-4.15.0-135-generic root=/dev/sda1 ro console=tty1 console=ttyS0
[    0.000000] KERNEL supported cpus:
[    0.000000]   Intel GenuineIntel
[    0.000000]   AMD AuthenticAMD
[    0.000000]   Centaur CentaurHauls
[    0.000000] x86/fpu: Supporting XSAVE feature 0x001: 'x87 floating point registers'
[    0.000000] x86/fpu: Supporting XSAVE feature 0x002: 'SSE registers'
[    0.000000] x86/fpu: Supporting XSAVE feature 0x004: 'AVX registers'
[    0.000000] x86/fpu: xstate_offset[2]:  576, xstate_sizes[2]:  256
[    0.000000] x86/fpu: Enabled xstate features 0x7, context size is 832 bytes, using 'standard' format.
[    0.000000] e820: BIOS-provided physical RAM map:
[    0.000000] BIOS-e820: [mem 0x0000000000000000-0x000000000009fbff] usable
[    0.000000] BIOS-e820: [mem 0x000000000009fc00-0x000000000009ffff] reserved
[    0.000000] BIOS-e820: [mem 0x00000000000f0000-0x00000000000fffff] reserved
[    0.000000] BIOS-e820: [mem 0x0000000000100000-0x000000007ffeffff] usable
[    0.000000] BIOS-e820: [mem 0x000000007fff0000-0x000000007fffffff] ACPI data
[    0.000000] BIOS-e820: [mem 0x00000000fec00000-0x00000000fec00fff] reserved
[    0.000000] BIOS-e820: [mem 0x00000000fee00000-0x00000000fee00fff] reserved
[    0.000000] BIOS-e820: [mem 0x00000000fffc0000-0x00000000ffffffff] reserved
[    0.000000] NX (Execute Disable) protection: active
[    0.000000] SMBIOS 2.5 present.
[    0.000000] DMI: innotek GmbH VirtualBox/VirtualBox, BIOS VirtualBox 12/01/2006
[    0.000000] Hypervisor detected: KVM
[    0.000000] e820: last_pfn = 0x7fff0 max_arch_pfn = 0x400000000
[    0.000000] MTRR: Disabled
[    0.000000] x86/PAT: MTRRs disabled, skipping PAT initialization too.
[    0.000000] CPU MTRRs all blank - virtualized system.
[    0.000000] x86/PAT: Configuration [0-7]: WB  WT  UC- UC  WB  WT  UC- UC  
[    0.000000] found SMP MP-table at [mem 0x0009fff0-0x0009ffff]
[    0.000000] Scanning 1 areas for low memory corruption
[    0.000000] ACPI: Early table checksum verification disabled
[    0.000000] ACPI: RSDP 0x00000000000E0000 000024 (v02 VBOX  )
[    0.000000] ACPI: XSDT 0x000000007FFF0030 00003C (v01 VBOX   VBOXXSDT 00000001 ASL  00000061)
[    0.000000] ACPI: FACP 0x000000007FFF00F0 0000F4 (v04 VBOX   VBOXFACP 00000001 ASL  00000061)
[    0.000000] ACPI: DSDT 0x000000007FFF0470 0022EA (v02 VBOX   VBOXBIOS 00000002 INTL 20100528)
[    0.000000] ACPI: FACS 0x000000007FFF0200 000040
[    0.000000] ACPI: FACS 0x000000007FFF0200 000040
[    0.000000] ACPI: APIC 0x000000007FFF0240 00005C (v02 VBOX   VBOXAPIC 00000001 ASL  00000061)
[    0.000000] ACPI: SSDT 0x000000007FFF02A0 0001CC (v01 VBOX   VBOXCPUT 00000002 INTL 20100528)
[    0.000000] No NUMA configuration found
[    0.000000] Faking a node at [mem 0x0000000000000000-0x000000007ffeffff]
[    0.000000] NODE_DATA(0) allocated [mem 0x7ffc5000-0x7ffeffff]
[    0.000000] kvm-clock: cpu 0, msr 0:7ff44001, primary cpu clock
[    0.000000] kvm-clock: Using msrs 4b564d01 and 4b564d00
[    0.000000] kvm-clock: using sched offset of 4148117648 cycles
[    0.000000] clocksource: kvm-clock: mask: 0xffffffffffffffff max_cycles: 0x1cd42e4dffb, max_idle_ns: 881590591483 ns
[    0.000000] Zone ranges:
[    0.000000]   DMA      [mem 0x0000000000001000-0x0000000000ffffff]
[    0.000000]   DMA32    [mem 0x0000000001000000-0x000000007ffeffff]
[    0.000000]   Normal   empty
[    0.000000]   Device   empty
[    0.000000] Movable zone start for each node
[    0.000000] Early memory node ranges
[    0.000000]   node   0: [mem 0x0000000000001000-0x000000000009efff]
[    0.000000]   node   0: [mem 0x0000000000100000-0x000000007ffeffff]
[    0.000000] Reserved but unavailable: 98 pages
[    0.000000] Initmem setup node 0 [mem 0x0000000000001000-0x000000007ffeffff]
[    0.000000] ACPI: PM-Timer IO Port: 0x4008
[    0.000000] IOAPIC[0]: apic_id 2, version 32, address 0xfec00000, GSI 0-23
[    0.000000] ACPI: INT_SRC_OVR (bus 0 bus_irq 0 global_irq 2 dfl dfl)
[    0.000000] ACPI: INT_SRC_OVR (bus 0 bus_irq 9 global_irq 9 low level)
[    0.000000] Using ACPI (MADT) for SMP configuration information
[    0.000000] smpboot: Allowing 2 CPUs, 0 hotplug CPUs
[    0.000000] PM: Registered nosave memory: [mem 0x00000000-0x00000fff]
[    0.000000] PM: Registered nosave memory: [mem 0x0009f000-0x0009ffff]
[    0.000000] PM: Registered nosave memory: [mem 0x000a0000-0x000effff]
[    0.000000] PM: Registered nosave memory: [mem 0x000f0000-0x000fffff]
[    0.000000] e820: [mem 0x80000000-0xfebfffff] available for PCI devices
[    0.000000] Booting paravirtualized kernel on KVM
[    0.000000] clocksource: refined-jiffies: mask: 0xffffffff max_cycles: 0xffffffff, max_idle_ns: 7645519600211568 ns
[    0.000000] random: get_random_bytes called from start_kernel+0x99/0x500 with crng_init=0
[    0.000000] setup_percpu: NR_CPUS:8192 nr_cpumask_bits:2 nr_cpu_ids:2 nr_node_ids:1
[    0.000000] percpu: Embedded 45 pages/cpu s147456 r8192 d28672 u1048576
[    0.000000] PV qspinlock hash table entries: 256 (order: 0, 4096 bytes)
[    0.000000] Built 1 zonelists, mobility grouping on.  Total pages: 515961
[    0.000000] Policy zone: DMA32
[    0.000000] Kernel command line: BOOT_IMAGE=/boot/vmlinuz-4.15.0-135-generic root=/dev/sda1 ro console=tty1 console=ttyS0
[    0.000000] Memory: 2034436K/2096696K available (12300K kernel code, 2482K rwdata, 4276K rodata, 2440K init, 2724K bss, 62260K reserved, 0K cma-reserved)
[    0.000000] SLUB: HWalign=64, Order=0-3, MinObjects=0, CPUs=2, Nodes=1
[    0.000000] Kernel/User page tables isolation: enabled
[    0.000000] ftrace: allocating 39422 entries in 154 pages
[    0.004000] Hierarchical RCU implementation.
[    0.004000] 	RCU restricting CPUs from NR_CPUS=8192 to nr_cpu_ids=2.
[    0.004000] 	Tasks RCU enabled.
[    0.004000] RCU: Adjusting geometry for rcu_fanout_leaf=16, nr_cpu_ids=2
[    0.004000] NR_IRQS: 524544, nr_irqs: 440, preallocated irqs: 16
[    0.004000] Console: colour VGA+ 80x25
[    0.004000] console [tty1] enabled
[    0.004000] console [ttyS0] enabled
[    0.004000] ACPI: Core revision 20170831
[    0.004000] ACPI: 2 ACPI AML tables successfully acquired and loaded
[    0.004000] APIC: Switch to symmetric I/O mode setup
[    0.004000] x2apic enabled
[    0.004000] Switched APIC routing to physical x2apic.
[    0.006108] ..TIMER: vector=0x30 apic1=0 pin1=2 apic2=-1 pin2=-1
[    0.008007] tsc: Detected 2399.998 MHz processor
[    0.009370] Calibrating delay loop (skipped) preset value.. 4799.99 BogoMIPS (lpj=9599992)
[    0.012006] pid_max: default: 32768 minimum: 301
[    0.013304] Security Framework initialized
[    0.014431] Yama: becoming mindful.
[    0.016076] AppArmor: AppArmor initialized
[    0.024091] Dentry cache hash table entries: 262144 (order: 9, 2097152 bytes)
[    0.032170] Inode-cache hash table entries: 131072 (order: 8, 1048576 bytes)
[    0.036042] Mount-cache hash table entries: 4096 (order: 3, 32768 bytes)
[    0.040018] Mountpoint-cache hash table entries: 4096 (order: 3, 32768 bytes)
[    0.042771] Last level iTLB entries: 4KB 64, 2MB 8, 4MB 8
[    0.044007] Last level dTLB entries: 4KB 64, 2MB 0, 4MB 0, 1GB 4
[    0.045751] Spectre V1 : Mitigation: usercopy/swapgs barriers and __user pointer sanitization
[    0.048005] Spectre V2 : Mitigation: Full generic retpoline
[    0.049453] Spectre V2 : Spectre v2 / SpectreRSB mitigation: Filling RSB on context switch
[    0.052003] Speculative Store Bypass: Vulnerable
[    0.053406] SRBDS: Unknown: Dependent on hypervisor status
[    0.056007] MDS: Mitigation: Clear CPU buffers
[    0.057978] Freeing SMP alternatives memory: 36K
[    0.171160] smpboot: CPU0: Intel(R) Core(TM) i5-6200U CPU @ 2.30GHz (family: 0x6, model: 0x4e, stepping: 0x3)
[    0.172121] Performance Events: unsupported p6 CPU model 78 no PMU driver, software events only.
[    0.174865] Hierarchical SRCU implementation.
[    0.176969] NMI watchdog: Perf event create on CPU 0 failed with -2
[    0.179066] NMI watchdog: Perf NMI watchdog permanently disabled
[    0.180057] smp: Bringing up secondary CPUs ...
[    0.181802] x86: Booting SMP configuration:
[    0.184003] .... node  #0, CPUs:      #1
[    0.004000] kvm-clock: cpu 1, msr 0:7ff44041, secondary cpu clock
[    0.188040] smp: Brought up 1 node, 2 CPUs
[    0.189206] smpboot: Max logical packages: 1
[    0.190486] smpboot: Total of 2 processors activated (9599.99 BogoMIPS)
[    0.192196] devtmpfs: initialized
[    0.193064] x86/mm: Memory block size: 128MB
[    0.196294] evm: security.selinux
[    0.197386] evm: security.SMACK64
[    0.198281] evm: security.SMACK64EXEC
[    0.199515] evm: security.SMACK64TRANSMUTE
[    0.200004] evm: security.SMACK64MMAP
[    0.201182] evm: security.apparmor
[    0.202307] evm: security.ima
[    0.203174] evm: security.capability
[    0.204131] clocksource: jiffies: mask: 0xffffffff max_cycles: 0xffffffff, max_idle_ns: 7645041785100000 ns
[    0.208018] futex hash table entries: 512 (order: 3, 32768 bytes)
[    0.209705] pinctrl core: initialized pinctrl subsystem
[    0.211093] RTC time:  9:25:36, date: 02/10/21
[    0.212175] NET: Registered protocol family 16
[    0.213478] audit: initializing netlink subsys (disabled)
[    0.216033] audit: type=2000 audit(1612949142.268:1): state=initialized audit_enabled=0 res=1
[    0.216235] cpuidle: using governor ladder
[    0.217298] cpuidle: using governor menu
[    0.220048] ACPI: bus type PCI registered
[    0.221229] acpiphp: ACPI Hot Plug PCI Controller Driver version: 0.5
[    0.224024] PCI: Using configuration type 1 for base access
[    0.228098] HugeTLB registered 2.00 MiB page size, pre-allocated 0 pages
[    0.232099] ACPI: Added _OSI(Module Device)
[    0.233587] ACPI: Added _OSI(Processor Device)
[    0.236028] ACPI: Added _OSI(3.0 _SCP Extensions)
[    0.236028] ACPI: Added _OSI(Processor Aggregator Device)
[    0.236029] ACPI: Added _OSI(Linux-Dell-Video)
[    0.240003] ACPI: Added _OSI(Linux-Lenovo-NV-HDMI-Audio)
[    0.240008] ACPI: Added _OSI(Linux-HPI-Hybrid-Graphics)
[    0.241961] ACPI: Executed 1 blocks of module-level executable AML code
[    0.251717] ACPI: Interpreter enabled
[    0.252017] ACPI: (supports S0 S5)
[    0.253019] ACPI: Using IOAPIC for interrupt routing
[    0.254830] PCI: Using host bridge windows from ACPI; if necessary, use "pci=nocrs" and report a bug
[    0.256369] ACPI: Enabled 2 GPEs in block 00 to 07
[    0.272955] ACPI: PCI Root Bridge [PCI0] (domain 0000 [bus 00-ff])
[    0.274648] acpi PNP0A03:00: _OSC: OS supports [ASPM ClockPM Segments MSI]
[    0.276527] acpi PNP0A03:00: _OSC: not requesting OS control; OS requires [ExtendedConfig ASPM ClockPM MSI]
[    0.280015] acpi PNP0A03:00: fail to add MMCONFIG information, can't access extended PCI configuration space under this bridge.
[    0.283445] PCI host bridge to bus 0000:00
[    0.284005] pci_bus 0000:00: root bus resource [io  0x0000-0x0cf7 window]
[    0.286116] pci_bus 0000:00: root bus resource [io  0x0d00-0xffff window]
[    0.288004] pci_bus 0000:00: root bus resource [mem 0x000a0000-0x000bffff window]
[    0.290206] pci_bus 0000:00: root bus resource [mem 0x80000000-0xfdffffff window]
[    0.292004] pci_bus 0000:00: root bus resource [bus 00-ff]
[    0.298790] pci 0000:00:01.1: legacy IDE quirk: reg 0x10: [io  0x01f0-0x01f7]
[    0.300003] pci 0000:00:01.1: legacy IDE quirk: reg 0x14: [io  0x03f6]
[    0.301808] pci 0000:00:01.1: legacy IDE quirk: reg 0x18: [io  0x0170-0x0177]
[    0.303821] pci 0000:00:01.1: legacy IDE quirk: reg 0x1c: [io  0x0376]
[    0.356357] pci 0000:00:07.0: quirk: [io  0x4000-0x403f] claimed by PIIX4 ACPI
[    0.359750] pci 0000:00:07.0: quirk: [io  0x4100-0x410f] claimed by PIIX4 SMB
[    0.408248] ACPI: PCI Interrupt Link [LNKA] (IRQs 5 9 10 *11)
[    0.411485] ACPI: PCI Interrupt Link [LNKB] (IRQs 5 9 *10 11)
[    0.412204] ACPI: PCI Interrupt Link [LNKC] (IRQs 5 *9 10 11)
[    0.414328] ACPI: PCI Interrupt Link [LNKD] (IRQs 5 9 10 *11)
[    0.416545] SCSI subsystem initialized
[    0.420114] pci 0000:00:02.0: vgaarb: setting as boot VGA device
[    0.422088] pci 0000:00:02.0: vgaarb: VGA device added: decodes=io+mem,owns=io+mem,locks=none
[    0.424011] pci 0000:00:02.0: vgaarb: bridge control possible
[    0.428003] vgaarb: loaded
[    0.429035] ACPI: bus type USB registered
[    0.429035] usbcore: registered new interface driver usbfs
[    0.429816] usbcore: registered new interface driver hub
[    0.432037] usbcore: registered new device driver usb
[    0.433460] EDAC MC: Ver: 3.0.0
[    0.436129] PCI: Using ACPI for IRQ routing
[    0.438133] NetLabel: Initializing
[    0.439355] NetLabel:  domain hash size = 128
[    0.440003] NetLabel:  protocols = UNLABELED CIPSOv4 CALIPSO
[    0.441778] NetLabel:  unlabeled traffic allowed by default
[    0.444108] clocksource: Switched to clocksource kvm-clock
[    0.484945] VFS: Disk quotas dquot_6.6.0
[    0.486903] VFS: Dquot-cache hash table entries: 512 (order 0, 4096 bytes)
[    0.490278] AppArmor: AppArmor Filesystem Enabled
[    0.493034] pnp: PnP ACPI init
[    0.496971] pnp: PnP ACPI: found 3 devices
[    0.505937] clocksource: acpi_pm: mask: 0xffffff max_cycles: 0xffffff, max_idle_ns: 2085701024 ns
[    0.510162] NET: Registered protocol family 2
[    0.512820] TCP established hash table entries: 16384 (order: 5, 131072 bytes)
[    0.516156] TCP bind hash table entries: 16384 (order: 6, 262144 bytes)
[    0.518188] TCP: Hash tables configured (established 16384 bind 16384)
[    0.525355] UDP hash table entries: 1024 (order: 3, 32768 bytes)
[    0.527345] UDP-Lite hash table entries: 1024 (order: 3, 32768 bytes)
[    0.529559] NET: Registered protocol family 1
[    0.531049] pci 0000:00:00.0: Limiting direct PCI/PCI transfers
[    0.533512] pci 0000:00:01.0: Activating ISA DMA hang workarounds
[    0.535771] pci 0000:00:02.0: Video device with shadowed ROM at [mem 0x000c0000-0x000dffff]
[    0.538648] clocksource: tsc: mask: 0xffffffffffffffff max_cycles: 0x229835b7123, max_idle_ns: 440795242976 ns
[    0.541728] platform rtc_cmos: registered platform RTC device (no PNP device found)
[    0.543903] Scanning for low memory corruption every 60 seconds
[    0.546981] Initialise system trusted keyrings
[    0.548966] Key type blacklist registered
[    0.551629] workingset: timestamp_bits=36 max_order=19 bucket_order=0
[    0.557366] zbud: loaded
[    0.559485] squashfs: version 4.0 (2009/01/31) Phillip Lougher
[    0.561748] fuse init (API version 7.26)
[    0.567231] Key type asymmetric registered
[    0.568600] Asymmetric key parser 'x509' registered
[    0.570090] Block layer SCSI generic (bsg) driver version 0.4 loaded (major 246)
[    0.572361] io scheduler noop registered
[    0.573526] io scheduler deadline registered
[    0.574776] io scheduler cfq registered (default)
[    0.576379] ACPI: AC Adapter [AC] (off-line)
[    0.577764] input: Power Button as /devices/LNXSYSTM:00/LNXPWRBN:00/input/input0
[    0.580145] ACPI: Power Button [PWRF]
[    0.581378] input: Sleep Button as /devices/LNXSYSTM:00/LNXSLPBN:00/input/input1
[    0.583498] ACPI: Sleep Button [SLPF]
[    0.585017] Serial: 8250/16550 driver, 32 ports, IRQ sharing enabled
[    0.586651] ACPI: Battery Slot [BAT0] (battery present)
[    0.609907] 00:02: ttyS0 at I/O 0x3f8 (irq = 4, base_baud = 115200) is a 16550A
[    0.615120] Linux agpgart interface v0.103
[    0.630363] loop: module loaded
[    0.633555] scsi host0: ata_piix
[    0.635583] scsi host1: ata_piix
[    0.637500] ata1: PATA max UDMA/33 cmd 0x1f0 ctl 0x3f6 bmdma 0xd000 irq 14
[    0.640699] ata2: PATA max UDMA/33 cmd 0x170 ctl 0x376 bmdma 0xd008 irq 15
[    0.644855] libphy: Fixed MDIO Bus: probed
[    0.646963] tun: Universal TUN/TAP device driver, 1.6
[    0.649510] PPP generic driver version 2.4.2
[    0.651635] ehci_hcd: USB 2.0 'Enhanced' Host Controller (EHCI) Driver
[    0.654518] ehci-pci: EHCI PCI platform driver
[    0.656615] ehci-platform: EHCI generic platform driver
[    0.658873] ohci_hcd: USB 1.1 'Open' Host Controller (OHCI) Driver
[    0.660840] ohci-pci: OHCI PCI platform driver
[    0.662036] ohci-platform: OHCI generic platform driver
[    0.663694] uhci_hcd: USB Universal Host Controller Interface driver
[    0.665501] i8042: PNP: PS/2 Controller [PNP0303:PS2K,PNP0f03:PS2M] at 0x60,0x64 irq 1,12
[    0.668534] serio: i8042 KBD port at 0x60,0x64 irq 1
[    0.669951] serio: i8042 AUX port at 0x60,0x64 irq 12
[    0.671399] mousedev: PS/2 mouse device common for all mice
[    0.673365] input: AT Translated Set 2 keyboard as /devices/platform/i8042/serio0/input/input2
[    0.676441] rtc_cmos rtc_cmos: rtc core: registered rtc_cmos as rtc0
[    0.678228] rtc_cmos rtc_cmos: alarms up to one day, 114 bytes nvram
[    0.680083] i2c /dev entries driver
[    0.681219] device-mapper: uevent: version 1.0.3
[    0.682549] device-mapper: ioctl: 4.37.0-ioctl (2017-09-20) initialised: dm-devel@redhat.com
[    0.684992] ledtrig-cpu: registered to indicate activity on CPUs
[    0.687313] NET: Registered protocol family 10
[    0.690468] Segment Routing with IPv6
[    0.691570] NET: Registered protocol family 17
[    0.693024] Key type dns_resolver registered
[    0.694756] mce: Using 0 MCE banks
[    0.695778] RAS: Correctable Errors collector initialized.
[    0.697848] sched_clock: Marking stable (697817157, 0)->(1157111336, -459294179)
[    0.700602] registered taskstats version 1
[    0.701818] Loading compiled-in X.509 certificates
[    0.704826] Loaded X.509 cert 'Build time autogenerated kernel key: 399a566a2ea98257ce6f7132c633527e9761cd56'
[    0.707774] zswap: loaded using pool lzo/zbud
[    0.710530] Key type big_key registered
[    0.711705] Key type trusted registered
[    0.713828] Key type encrypted registered
[    0.715039] AppArmor: AppArmor sha1 policy hashing enabled
[    0.716688] ima: No TPM chip found, activating TPM-bypass! (rc=-19)
[    0.718329] ima: Allocated hash algorithm: sha1
[    0.719560] evm: HMAC attrs: 0x1
[    0.721211]   Magic number: 9:54:424
[    0.722397] rtc_cmos rtc_cmos: setting system clock to 2021-02-10 09:25:37 UTC (1612949137)
[    0.724840] BIOS EDD facility v0.16 2004-Jun-25, 0 devices found
[    0.726415] EDD information not available.
[    0.805642] md: Waiting for all devices to be available before autodetect
[    0.811709] md: If you don't use raid, use raid=noautodetect
[    0.817430] md: Autodetecting RAID arrays.
[    0.821564] md: autorun ...
[    0.824345] md: ... autorun DONE.
[    0.828238] VFS: Cannot open root device "sda1" or unknown-block(0,0): error -6
[    0.834939] Please append a correct "root=" boot option; here are the available partitions:
[    0.842737] Kernel panic - not syncing: VFS: Unable to mount root fs on unknown-block(0,0)
[    0.850946] CPU: 1 PID: 1 Comm: swapper/0 Not tainted 4.15.0-135-generic #139-Ubuntu
[    0.858050] Hardware name: innotek GmbH VirtualBox/VirtualBox, BIOS VirtualBox 12/01/2006
[    0.865486] Call Trace:
[    0.868083]  dump_stack+0x6d/0x8e
[    0.871173]  panic+0xe4/0x254
[    0.874429]  mount_block_root+0x1f6/0x2da
[    0.879432]  ? set_debug_rodata+0x17/0x17
[    0.884275]  mount_root+0x38/0x3a
[    0.888356]  prepare_namespace+0x139/0x18e
[    0.893213]  kernel_init_freeable+0x224/0x251
[    0.897953]  ? rest_init+0xb0/0xb0
[    0.901776]  kernel_init+0xe/0x110
[    0.905720]  ret_from_fork+0x35/0x40
[    0.909965] Kernel Offset: 0x3ba00000 from 0xffffffff81000000 (relocation range: 0xffffffff80000000-0xffffffffbfffffff)
[    0.920768] ---[ end Kernel panic - not syncing: VFS: Unable to mount root fs on unknown-block(0,0)
